Flow report for LAB
Thu Mar 08 21:04:41 2018
Quartus II 64-Bit Version 13.0.1 Build 232 06/12/2013 Service Pack 1 SJ Web Edition


---------------------
; Table of Contents ;
---------------------
  1. Legal Notice
  2. Flow Summary
  3. Flow Settings
  4. Flow Non-Default Global Settings
  5. Flow Elapsed Time
  6. Flow OS Summary
  7. Flow Log
  8. Flow Messages
  9. Flow Suppressed Messages



----------------
; Legal Notice ;
----------------
Copyright (C) 1991-2013 Altera Corporation
Your use of Altera Corporation's design tools, logic functions 
and other software and tools, and its AMPP partner logic 
functions, and any output files from any of the foregoing 
(including device programming or simulation files), and any 
associated documentation or information are expressly subject 
to the terms and conditions of the Altera Program License 
Subscription Agreement, Altera MegaCore Function License 
Agreement, or other applicable license agreement, including, 
without limitation, that your use is for the sole purpose of 
programming logic devices manufactured by Altera and sold by 
Altera or its authorized distributors.  Please refer to the 
applicable agreement for further details.



+--------------------------------------------------------------------------------------+
; Flow Summary                                                                         ;
+------------------------------------+-------------------------------------------------+
; Flow Status                        ; Successful - Thu Mar 08 21:04:41 2018           ;
; Quartus II 64-Bit Version          ; 13.0.1 Build 232 06/12/2013 SP 1 SJ Web Edition ;
; Revision Name                      ; LAB                                             ;
; Top-level Entity Name              ; LAB                                             ;
; Family                             ; Cyclone II                                      ;
; Device                             ; EP2C5F256C6                                     ;
; Timing Models                      ; Final                                           ;
; Total logic elements               ; 1 / 4,608 ( < 1 % )                             ;
;     Total combinational functions  ; 1 / 4,608 ( < 1 % )                             ;
;     Dedicated logic registers      ; 0 / 4,608 ( 0 % )                               ;
; Total registers                    ; 0                                               ;
; Total pins                         ; 4 / 158 ( 3 % )                                 ;
; Total virtual pins                 ; 0                                               ;
; Total memory bits                  ; 0 / 119,808 ( 0 % )                             ;
; Embedded Multiplier 9-bit elements ; 0 / 26 ( 0 % )                                  ;
; Total PLLs                         ; 0 / 2 ( 0 % )                                   ;
+------------------------------------+-------------------------------------------------+


+-----------------------------------------+
; Flow Settings                           ;
+-------------------+---------------------+
; Option            ; Setting             ;
+-------------------+---------------------+
; Start date & time ; 03/08/2018 20:44:33 ;
; Main task         ; Compilation         ;
; Revision Name     ; LAB                 ;
+-------------------+---------------------+


+----------------------------------------------------------------------------------------------------------------------+
; Flow Non-Default Global Settings                                                                                     ;
+-------------------------------------+---------------------------------+---------------+-------------+----------------+
; Assignment Name                     ; Value                           ; Default Value ; Entity Name ; Section Id     ;
+-------------------------------------+---------------------------------+---------------+-------------+----------------+
; COMPILER_SIGNATURE_ID               ; 264840320338470.152053467214984 ; --            ; --          ; --             ;
; EDA_OUTPUT_DATA_FORMAT              ; Vhdl                            ; --            ; --          ; eda_simulation ;
; EDA_SIMULATION_TOOL                 ; ModelSim-Altera (VHDL)          ; <None>        ; --          ; --             ;
; MAX_CORE_JUNCTION_TEMP              ; 85                              ; --            ; --          ; --             ;
; MIN_CORE_JUNCTION_TEMP              ; 0                               ; --            ; --          ; --             ;
; PARTITION_COLOR                     ; 16764057                        ; --            ; --          ; Top            ;
; PARTITION_FITTER_PRESERVATION_LEVEL ; PLACEMENT_AND_ROUTING           ; --            ; --          ; Top            ;
; PARTITION_NETLIST_TYPE              ; SOURCE                          ; --            ; --          ; Top            ;
; PROJECT_OUTPUT_DIRECTORY            ; output_files                    ; --            ; --          ; --             ;
+-------------------------------------+---------------------------------+---------------+-------------+----------------+


+-------------------------------------------------------------------------------------------------------------------------------+
; Flow Elapsed Time                                                                                                             ;
+---------------------------+--------------+-------------------------+---------------------+------------------------------------+
; Module Name               ; Elapsed Time ; Average Processors Used ; Peak Virtual Memory ; Total CPU Time (on all processors) ;
+---------------------------+--------------+-------------------------+---------------------+------------------------------------+
; Analysis & Synthesis      ; 00:00:11     ; 1.0                     ; 514 MB              ; 00:00:04                           ;
; Fitter                    ; 00:00:22     ; 1.0                     ; 744 MB              ; 00:00:09                           ;
; Assembler                 ; 00:00:05     ; 1.0                     ; 475 MB              ; 00:00:04                           ;
; TimeQuest Timing Analyzer ; 00:00:05     ; 1.0                     ; 462 MB              ; 00:00:03                           ;
; EDA Netlist Writer        ; 00:00:02     ; 1.0                     ; 435 MB              ; 00:00:02                           ;
; EDA Netlist Writer        ; 00:00:03     ; 1.0                     ; 443 MB              ; 00:00:02                           ;
; EDA Netlist Writer        ; 00:00:03     ; 1.0                     ; 443 MB              ; 00:00:04                           ;
; Fitter                    ; 00:00:10     ; 1.0                     ; 752 MB              ; 00:00:09                           ;
; EDA Netlist Writer        ; 00:00:03     ; 1.0                     ; 443 MB              ; 00:00:03                           ;
; EDA Netlist Writer        ; 00:00:03     ; 1.0                     ; 443 MB              ; 00:00:03                           ;
; Total                     ; 00:01:07     ; --                      ; --                  ; 00:00:43                           ;
+---------------------------+--------------+-------------------------+---------------------+------------------------------------+


+----------------------------------------------------------------------------------------+
; Flow OS Summary                                                                        ;
+---------------------------+------------------+-----------+------------+----------------+
; Module Name               ; Machine Hostname ; OS Name   ; OS Version ; Processor type ;
+---------------------------+------------------+-----------+------------+----------------+
; Analysis & Synthesis      ; gothmog          ; Windows 7 ; 6.2        ; x86_64         ;
; Fitter                    ; gothmog          ; Windows 7 ; 6.2        ; x86_64         ;
; Assembler                 ; gothmog          ; Windows 7 ; 6.2        ; x86_64         ;
; TimeQuest Timing Analyzer ; gothmog          ; Windows 7 ; 6.2        ; x86_64         ;
; EDA Netlist Writer        ; gothmog          ; Windows 7 ; 6.2        ; x86_64         ;
; EDA Netlist Writer        ; gothmog          ; Windows 7 ; 6.2        ; x86_64         ;
; EDA Netlist Writer        ; gothmog          ; Windows 7 ; 6.2        ; x86_64         ;
; Fitter                    ; gothmog          ; Windows 7 ; 6.2        ; x86_64         ;
; EDA Netlist Writer        ; gothmog          ; Windows 7 ; 6.2        ; x86_64         ;
; EDA Netlist Writer        ; gothmog          ; Windows 7 ; 6.2        ; x86_64         ;
+---------------------------+------------------+-----------+------------+----------------+


------------
; Flow Log ;
------------
quartus_map --read_settings_files=on --write_settings_files=off LAB -c LAB
quartus_fit --read_settings_files=off --write_settings_files=off LAB -c LAB
quartus_asm --read_settings_files=off --write_settings_files=off LAB -c LAB
quartus_sta LAB -c LAB
quartus_eda --read_settings_files=off --write_settings_files=off LAB -c LAB
quartus_eda --gen_testbench --check_outputs=on --tool=modelsim_oem --format=verilog LAB -c LAB --vector_source="C:/Users/peter_000/Desktop/OCOEAEA OOOOCIAOA/QUARTUS PROJECTS/Waveform.vwf" --testbench_file=./simulation/qsim/LAB.vt
quartus_eda --functional=on --simulation=on --tool=modelsim_oem --format=verilog LAB -c LAB
quartus_fit --read_settings_files=on --write_settings_files=off LAB -c LAB
quartus_eda --gen_testbench --check_outputs=on --tool=modelsim_oem --format=verilog LAB -c LAB --vector_source="C:/Users/peter_000/Desktop/OCOEAEA OOOOCIAOA/QUARTUS PROJECTS/Waveform.vwf" --testbench_file=./simulation/qsim/LAB.vt
quartus_eda --functional=off --timescale=1ps --simulation=on --tool=modelsim_oem --format=verilog LAB -c LAB



